{
  "RSpec": {
    "coverage": {
      "/Users/andresbravog/Documents/ProyectosTeambox/teambox/SRC/signnow-ruby/lib/signnow/base.rb": [
        1,
        1,
        1,
        1,
        1,
        null,
        1,
        null,
        null,
        null,
        null,
        1,
        24,
        24,
        null,
        null,
        null,
        null,
        null,
        1,
        0,
        null,
        null,
        null,
        null,
        1,
        0,
        null,
        null,
        null,
        null,
        null,
        1,
        24,
        346,
        null,
        null,
        null,
        null,
        1,
        24,
        24,
        null,
        null,
        null
      ],
      "/Users/andresbravog/Documents/ProyectosTeambox/teambox/SRC/signnow-ruby/lib/signnow/operations/all.rb": [
        1,
        1,
        1,
        1,
        null,
        null,
        null,
        null,
        1,
        2,
        2,
        null,
        null,
        null,
        null,
        null,
        1,
        0,
        null,
        1,
        null,
        null,
        null,
        null,
        null,
        1,
        2,
        2,
        null,
        null,
        null,
        2,
        null,
        null,
        1,
        1,
        2,
        2,
        6,
        null,
        2,
        null,
        null,
        null,
        1,
        2,
        null,
        null,
        null,
        null,
        null
      ],
      "/Users/andresbravog/Documents/ProyectosTeambox/teambox/SRC/signnow-ruby/lib/signnow/operations/create.rb": [
        1,
        1,
        1,
        1,
        null,
        null,
        null,
        1,
        2,
        2,
        null,
        null,
        null,
        null,
        null,
        1,
        2,
        null,
        1,
        null,
        null,
        null,
        null,
        null,
        1,
        2,
        null,
        null,
        null,
        1,
        1,
        null,
        null,
        null,
        null
      ],
      "/Users/andresbravog/Documents/ProyectosTeambox/teambox/SRC/signnow-ruby/lib/signnow/operations/find.rb": [
        1,
        1,
        1,
        1,
        null,
        null,
        null,
        null,
        1,
        0,
        0,
        0,
        null,
        null,
        null,
        null,
        null,
        1,
        0,
        null,
        1,
        null,
        null,
        null,
        null,
        null,
        1,
        0,
        0,
        null,
        null,
        null,
        0,
        null,
        1,
        null,
        null,
        1,
        1,
        null,
        null,
        null,
        null
      ],
      "/Users/andresbravog/Documents/ProyectosTeambox/teambox/SRC/signnow-ruby/spec/signnow/client_spec.rb": [
        1,
        null,
        1,
        1,
        1,
        null,
        null,
        null,
        null,
        null,
        null,
        null,
        null,
        null,
        null,
        null,
        null,
        null,
        null,
        null,
        null,
        null,
        null,
        null,
        null,
        null,
        null,
        null,
        1,
        2,
        null,
        null,
        3,
        null,
        1,
        1,
        1,
        null,
        null,
        null,
        1,
        1,
        1,
        null,
        1,
        1,
        1,
        1,
        null,
        null,
        null,
        null,
        null
      ],
      "/Users/andresbravog/Documents/ProyectosTeambox/teambox/SRC/signnow-ruby/lib/signnow/client.rb": [
        1,
        1,
        1,
        null,
        null,
        null,
        null,
        null,
        1,
        2,
        2,
        null,
        null,
        null,
        null,
        null,
        null,
        null,
        null,
        null,
        null,
        null,
        1,
        1,
        1,
        null,
        null,
        null,
        null
      ],
      "/Users/andresbravog/Documents/ProyectosTeambox/teambox/SRC/signnow-ruby/spec/signnow/document_spec.rb": [
        1,
        null,
        1,
        1,
        5,
        null,
        null,
        null,
        null,
        null,
        null,
        null,
        null,
        null,
        null,
        null,
        null,
        null,
        null,
        null,
        null,
        null,
        null,
        null,
        null,
        null,
        null,
        null,
        null,
        null,
        null,
        1,
        2,
        null,
        null,
        null,
        null,
        null,
        null,
        null,
        null,
        null,
        null,
        null,
        null,
        null,
        null,
        null,
        null,
        null,
        null,
        null,
        null,
        null,
        null,
        null,
        null,
        null,
        null,
        null,
        null,
        null,
        null,
        null,
        null,
        null,
        null,
        null,
        null,
        null,
        null,
        null,
        null,
        null,
        null,
        null,
        null,
        null,
        null,
        null,
        null,
        null,
        null,
        null,
        null,
        null,
        null,
        null,
        null,
        null,
        null,
        null,
        null,
        null,
        null,
        null,
        null,
        null,
        null,
        null,
        null,
        null,
        null,
        null,
        null,
        null,
        null,
        null,
        null,
        null,
        null,
        null,
        null,
        null,
        null,
        null,
        null,
        1,
        5,
        null,
        null,
        7,
        null,
        1,
        1,
        1,
        1,
        1,
        1,
        1,
        null,
        null,
        null,
        1,
        5,
        1,
        4,
        null,
        1,
        1,
        1,
        null,
        1,
        1,
        null,
        1,
        1,
        null,
        1,
        1,
        null,
        null,
        null,
        1,
        3,
        1,
        2,
        null,
        1,
        1,
        1,
        null,
        1,
        1,
        null,
        null,
        null
      ],
      "/Users/andresbravog/Documents/ProyectosTeambox/teambox/SRC/signnow-ruby/lib/signnow/document.rb": [
        1,
        1,
        1,
        1,
        null,
        1,
        null,
        null,
        null,
        null,
        1,
        15,
        15,
        15,
        null,
        null,
        1,
        null,
        null,
        1,
        2,
        null,
        1,
        null,
        null,
        null,
        null
      ],
      "/Users/andresbravog/Documents/ProyectosTeambox/teambox/SRC/signnow-ruby/lib/signnow/operations/show.rb": [
        1,
        1,
        1,
        1,
        null,
        null,
        null,
        null,
        1,
        9,
        9,
        null,
        null,
        null,
        null,
        null,
        1,
        9,
        9,
        9,
        null,
        1,
        null,
        null,
        null,
        null,
        null,
        1,
        9,
        null,
        null,
        null,
        9,
        null,
        null,
        null,
        1,
        2,
        null,
        null,
        null,
        null
      ],
      "/Users/andresbravog/Documents/ProyectosTeambox/teambox/SRC/signnow-ruby/spec/signnow/request/base_spec.rb": [
        1,
        null,
        1,
        1,
        1,
        1,
        null,
        1,
        1,
        null,
        null,
        null,
        1,
        1,
        1,
        1,
        1,
        1,
        null,
        1,
        1,
        1,
        null,
        1,
        null,
        null,
        null
      ],
      "/Users/andresbravog/Documents/ProyectosTeambox/teambox/SRC/signnow-ruby/lib/signnow/request/base.rb": [
        1,
        1,
        1,
        1,
        1,
        null,
        1,
        7,
        null,
        null,
        1,
        7,
        5,
        5,
        null,
        5,
        null,
        null,
        1,
        null,
        1,
        5,
        null,
        null,
        1,
        10,
        null,
        null,
        1,
        5,
        null,
        null,
        null,
        null
      ],
      "/Users/andresbravog/Documents/ProyectosTeambox/teambox/SRC/signnow-ruby/spec/signnow/request/connection_spec.rb": [
        1,
        null,
        1,
        1,
        3,
        3,
        3,
        null,
        null,
        null,
        1,
        1,
        1,
        null,
        1,
        null,
        1,
        null,
        null,
        null,
        1,
        1,
        1,
        1,
        1,
        null,
        1,
        null,
        1,
        null,
        null,
        null,
        1,
        1,
        1,
        null,
        null,
        null,
        null,
        null,
        null,
        null,
        null,
        null,
        1,
        1,
        null,
        1,
        null,
        null,
        null,
        1,
        null,
        null,
        null,
        1,
        null,
        null
      ],
      "/Users/andresbravog/Documents/ProyectosTeambox/teambox/SRC/signnow-ruby/lib/signnow/request/connection.rb": [
        1,
        1,
        1,
        1,
        1,
        null,
        1,
        7,
        null,
        null,
        1,
        7,
        7,
        7,
        null,
        null,
        1,
        5,
        5,
        null,
        null,
        null,
        1,
        null,
        1,
        5,
        2,
        null,
        2,
        2,
        null,
        0,
        0,
        null,
        0,
        null,
        null,
        null,
        1,
        5,
        null,
        3,
        null,
        0,
        null,
        0,
        null,
        2,
        null,
        null,
        5,
        3,
        0,
        null,
        3,
        null,
        null,
        null,
        5,
        null,
        null,
        null,
        1,
        7,
        null,
        null,
        null,
        1,
        7,
        2,
        null,
        null,
        null,
        null
      ],
      "/Users/andresbravog/Documents/ProyectosTeambox/teambox/SRC/signnow-ruby/lib/signnow/request/helpers.rb": [
        1,
        1,
        1,
        1,
        3,
        2,
        2,
        0,
        0,
        null,
        2,
        null,
        null,
        3,
        null,
        null,
        1,
        3,
        3,
        3,
        2,
        null,
        0,
        null,
        1,
        4,
        null,
        null,
        1,
        null,
        null,
        3,
        null,
        null,
        null,
        null
      ],
      "/Users/andresbravog/Documents/ProyectosTeambox/teambox/SRC/signnow-ruby/spec/signnow/request/info_spec.rb": [
        1,
        null,
        1,
        1,
        1,
        1,
        null,
        1,
        null,
        null,
        null,
        1,
        1,
        1,
        1,
        null,
        1,
        null,
        null,
        1,
        1,
        1,
        null,
        1,
        null,
        null,
        null
      ],
      "/Users/andresbravog/Documents/ProyectosTeambox/teambox/SRC/signnow-ruby/lib/signnow/request/info.rb": [
        1,
        1,
        1,
        1,
        null,
        1,
        9,
        9,
        9,
        9,
        9,
        9,
        9,
        9,
        9,
        null,
        null,
        1,
        5,
        5,
        2,
        2,
        null,
        null,
        5,
        null,
        null,
        1,
        4,
        3,
        3,
        null,
        1,
        null,
        null,
        null,
        1,
        2,
        null,
        null,
        1,
        null,
        1,
        5,
        null,
        null,
        null,
        null
      ],
      "/Users/andresbravog/Documents/ProyectosTeambox/teambox/SRC/signnow-ruby/spec/signnow/request/validator_spec.rb": [
        1,
        null,
        1,
        1,
        1,
        1,
        1,
        1,
        null,
        1,
        null,
        null,
        null
      ],
      "/Users/andresbravog/Documents/ProyectosTeambox/teambox/SRC/signnow-ruby/lib/signnow/request/validator.rb": [
        1,
        1,
        1,
        1,
        1,
        null,
        1,
        5,
        null,
        null,
        1,
        5,
        5,
        5,
        5,
        5,
        null,
        null,
        1,
        null,
        1,
        5,
        5,
        null,
        null,
        1,
        5,
        null,
        null,
        null,
        null
      ],
      "/Users/andresbravog/Documents/ProyectosTeambox/teambox/SRC/signnow-ruby/spec/signnow/user_spec.rb": [
        1,
        null,
        1,
        1,
        7,
        null,
        null,
        null,
        null,
        null,
        null,
        null,
        null,
        null,
        null,
        null,
        null,
        null,
        null,
        null,
        null,
        null,
        null,
        null,
        null,
        null,
        null,
        null,
        1,
        2,
        null,
        null,
        null,
        null,
        1,
        1,
        null,
        null,
        5,
        null,
        1,
        1,
        1,
        1,
        1,
        1,
        1,
        1,
        1,
        null,
        null,
        null,
        1,
        5,
        1,
        4,
        null,
        1,
        1,
        1,
        null,
        1,
        1,
        null,
        1,
        1,
        null,
        1,
        1,
        null,
        null,
        null,
        1,
        3,
        1,
        2,
        null,
        1,
        1,
        1,
        null,
        1,
        1,
        null,
        null,
        null
      ],
      "/Users/andresbravog/Documents/ProyectosTeambox/teambox/SRC/signnow-ruby/lib/signnow/user.rb": [
        1,
        1,
        1,
        null,
        1,
        null,
        null,
        null,
        null,
        null,
        null,
        1,
        8,
        8,
        null,
        null,
        1,
        1,
        1,
        1,
        null,
        null,
        null,
        1,
        8,
        8,
        null,
        1,
        null,
        null,
        null
      ],
      "/Users/andresbravog/Documents/ProyectosTeambox/teambox/SRC/signnow-ruby/spec/signnow_spec.rb": [
        1,
        null,
        1,
        1,
        1,
        1,
        1,
        1,
        1,
        null,
        2,
        null,
        null,
        null,
        1,
        1,
        4,
        4,
        4,
        null,
        4,
        null,
        null,
        1,
        1,
        1,
        null,
        null,
        1,
        1,
        1,
        null,
        null,
        1,
        1,
        1,
        null,
        null,
        1,
        1,
        1,
        null,
        null,
        null,
        null
      ]
    },
    "timestamp": 1389278006
  }
}
