{
  "RSpec": {
    "coverage": {
      "/Users/andresbravog/Documents/ProyectosTeambox/teambox/SRC/signnow-ruby/lib/signnow/user.rb": [
        1,
        1,
        1,
        null,
        1,
        null,
        null,
        null,
        null,
        null,
        null,
        1,
        1,
        1,
        null,
        null,
        1,
        1,
        0,
        0,
        null,
        null,
        null,
        1,
        1,
        1,
        null,
        1,
        null,
        null,
        null
      ],
      "/Users/andresbravog/Documents/ProyectosTeambox/teambox/SRC/signnow-ruby/lib/signnow/base.rb": [
        1,
        1,
        1,
        1,
        1,
        null,
        1,
        null,
        null,
        null,
        null,
        1,
        2,
        1,
        null,
        null,
        null,
        null,
        null,
        1,
        1,
        null,
        null,
        null,
        null,
        1,
        1,
        null,
        null,
        null,
        null,
        null,
        1,
        2,
        3,
        null,
        null,
        null,
        null,
        1,
        1,
        1,
        null,
        null,
        null
      ],
      "/Users/andresbravog/Documents/ProyectosTeambox/teambox/SRC/signnow-ruby/lib/signnow/operations/all.rb": [
        1,
        1,
        1,
        1,
        null,
        null,
        null,
        null,
        1,
        1,
        1,
        null,
        null,
        null,
        null,
        null,
        1,
        0,
        null,
        1,
        null,
        null,
        null,
        null,
        null,
        1,
        1,
        1,
        null,
        null,
        null,
        1,
        null,
        null,
        1,
        1,
        1,
        1,
        1,
        null,
        0,
        null,
        null,
        null,
        1,
        2,
        null,
        null,
        null,
        null,
        null
      ],
      "/Users/andresbravog/Documents/ProyectosTeambox/teambox/SRC/signnow-ruby/lib/signnow/operations/create.rb": [
        1,
        1,
        1,
        1,
        null,
        null,
        null,
        1,
        1,
        1,
        null,
        null,
        null,
        null,
        null,
        1,
        1,
        null,
        1,
        null,
        null,
        null,
        null,
        null,
        1,
        1,
        null,
        null,
        null,
        1,
        1,
        null,
        null,
        null,
        null
      ],
      "/Users/andresbravog/Documents/ProyectosTeambox/teambox/SRC/signnow-ruby/lib/signnow/operations/find.rb": [
        1,
        1,
        1,
        1,
        null,
        null,
        null,
        null,
        1,
        0,
        0,
        0,
        null,
        null,
        null,
        null,
        null,
        1,
        0,
        null,
        1,
        null,
        null,
        null,
        null,
        null,
        1,
        0,
        0,
        null,
        null,
        null,
        0,
        null,
        1,
        null,
        null,
        1,
        1,
        null,
        null,
        null,
        null
      ],
      "/Users/andresbravog/Documents/ProyectosTeambox/teambox/SRC/signnow-ruby/lib/signnow/operations/show.rb": [
        1,
        1,
        1,
        1,
        null,
        null,
        null,
        null,
        1,
        1,
        0,
        null,
        null,
        null,
        null,
        null,
        1,
        1,
        1,
        1,
        null,
        1,
        null,
        null,
        null,
        null,
        null,
        1,
        1,
        null,
        null,
        null,
        1,
        null,
        null,
        null,
        1,
        2,
        null,
        null,
        null,
        null
      ],
      "/Users/andresbravog/Documents/ProyectosTeambox/teambox/SRC/signnow-ruby/lib/signnow/document.rb": [
        1,
        1,
        1,
        1,
        null,
        1,
        null,
        null,
        null,
        null,
        1,
        0,
        0,
        0,
        null,
        null,
        1,
        null,
        null,
        1,
        1,
        null,
        1,
        null,
        null,
        null,
        null
      ],
      "/Users/andresbravog/Documents/ProyectosTeambox/teambox/SRC/signnow-ruby/lib/signnow/request/info.rb": [
        1,
        1,
        1,
        1,
        null,
        1,
        3,
        3,
        3,
        3,
        3,
        3,
        3,
        3,
        null,
        null,
        1,
        3,
        3,
        3,
        3,
        null,
        null,
        3,
        null,
        null,
        1,
        2,
        0,
        0,
        null,
        2,
        null,
        null,
        null,
        1,
        null,
        1,
        3,
        null,
        null,
        null,
        null
      ],
      "/Users/andresbravog/Documents/ProyectosTeambox/teambox/SRC/signnow-ruby/lib/signnow/request/base.rb": [
        1,
        1,
        1,
        1,
        1,
        null,
        1,
        3,
        null,
        null,
        1,
        3,
        3,
        3,
        null,
        3,
        null,
        null,
        1,
        null,
        1,
        3,
        null,
        null,
        1,
        6,
        null,
        null,
        1,
        3,
        null,
        null,
        null,
        null
      ],
      "/Users/andresbravog/Documents/ProyectosTeambox/teambox/SRC/signnow-ruby/lib/signnow/request/connection.rb": [
        1,
        1,
        1,
        1,
        1,
        null,
        1,
        3,
        null,
        null,
        1,
        3,
        3,
        3,
        null,
        null,
        1,
        3,
        3,
        null,
        null,
        null,
        1,
        null,
        1,
        3,
        3,
        null,
        1,
        1,
        null,
        2,
        2,
        null,
        0,
        null,
        null,
        null,
        1,
        3,
        null,
        1,
        null,
        0,
        null,
        0,
        null,
        2,
        null,
        null,
        3,
        1,
        null,
        null,
        3,
        null,
        null,
        null,
        1,
        3,
        null,
        null,
        null,
        1,
        3,
        0,
        null,
        null,
        null,
        null
      ],
      "/Users/andresbravog/Documents/ProyectosTeambox/teambox/SRC/signnow-ruby/lib/signnow/request/helpers.rb": [
        1,
        1,
        1,
        1,
        1,
        2,
        2,
        0,
        0,
        null,
        2,
        null,
        null,
        1,
        null,
        null,
        1,
        1,
        1,
        1,
        2,
        null,
        0,
        null,
        0,
        0,
        null,
        null,
        2,
        null,
        null,
        1,
        null,
        null,
        null,
        null
      ],
      "/Users/andresbravog/Documents/ProyectosTeambox/teambox/SRC/signnow-ruby/lib/signnow/request/validator.rb": [
        1,
        1,
        1,
        1,
        1,
        null,
        1,
        3,
        null,
        null,
        1,
        3,
        3,
        3,
        3,
        2,
        null,
        null,
        1,
        null,
        1,
        3,
        3,
        null,
        null,
        1,
        3,
        null,
        null,
        null,
        null
      ]
    },
    "timestamp": 1389201733
  }
}
